<?xml version="1.0" encoding="UTF-8"?>
<!-- Generated by org.testng.reporters.JUnitReportReporter -->
<testsuite hostname="DESKTOP-C50PI6G" failures="0" tests="22" name="e_Commerce_testClasses.SearchTest" time="0.002" errors="1" timestamp="2024-09-10T17:13:10 IST" skipped="21">
  <testcase classname="e_Commerce_testClasses.SearchTest" name="SortProductsByLowRating" time="0.000">
    <skipped/>
  </testcase> <!-- SortProductsByLowRating -->
  <system-out/>
  <testcase classname="e_Commerce_testClasses.SearchTest" name="SearchwithoutproductName" time="0.000">
    <skipped/>
  </testcase> <!-- SearchwithoutproductName -->
  <system-out/>
  <testcase classname="e_Commerce_testClasses.SearchTest" name="Setup" time="0.001">
    <error message="Cannot invoke &quot;org.openqa.selenium.WebDriver.get(String)&quot; because &quot;this.driver&quot; is null" type="java.lang.NullPointerException">
      <![CDATA[java.lang.NullPointerException: Cannot invoke "org.openqa.selenium.WebDriver.get(String)" because "this.driver" is null
at e_Commerce_testClasses.SearchTest.Setup(SearchTest.java:39)
at java.base/jdk.internal.reflect.NativeMethodAccessorImpl.invoke0(Native Method)
at java.base/jdk.internal.reflect.NativeMethodAccessorImpl.invoke(NativeMethodAccessorImpl.java:77)
at java.base/jdk.internal.reflect.DelegatingMethodAccessorImpl.invoke(DelegatingMethodAccessorImpl.java:43)
at java.base/java.lang.reflect.Method.invoke(Method.java:568)
at org.testng.internal.MethodInvocationHelper.invokeMethod(MethodInvocationHelper.java:133)
at org.testng.internal.MethodInvocationHelper.invokeMethodConsideringTimeout(MethodInvocationHelper.java:62)
at org.testng.internal.ConfigInvoker.invokeConfigurationMethod(ConfigInvoker.java:385)
at org.testng.internal.ConfigInvoker.invokeConfigurations(ConfigInvoker.java:321)
at org.testng.internal.TestInvoker.runConfigMethods(TestInvoker.java:700)
at org.testng.internal.TestInvoker.invokeMethod(TestInvoker.java:527)
at org.testng.internal.TestInvoker.invokeTestMethod(TestInvoker.java:173)
at org.testng.internal.MethodRunner.runInSequence(MethodRunner.java:46)
at org.testng.internal.TestInvoker$MethodInvocationAgent.invoke(TestInvoker.java:824)
at org.testng.internal.TestInvoker.invokeTestMethods(TestInvoker.java:146)
at org.testng.internal.TestMethodWorker.invokeTestMethods(TestMethodWorker.java:146)
at org.testng.internal.TestMethodWorker.run(TestMethodWorker.java:128)
at java.base/java.util.ArrayList.forEach(ArrayList.java:1511)
at org.testng.TestRunner.privateRun(TestRunner.java:794)
at org.testng.TestRunner.run(TestRunner.java:596)
at org.testng.SuiteRunner.runTest(SuiteRunner.java:377)
at org.testng.SuiteRunner.runSequentially(SuiteRunner.java:371)
at org.testng.SuiteRunner.privateRun(SuiteRunner.java:332)
at org.testng.SuiteRunner.run(SuiteRunner.java:276)
at org.testng.SuiteRunnerWorker.runSuite(SuiteRunnerWorker.java:53)
at org.testng.SuiteRunnerWorker.run(SuiteRunnerWorker.java:96)
at org.testng.TestNG.runSuitesSequentially(TestNG.java:1212)
at org.testng.TestNG.runSuitesLocally(TestNG.java:1134)
at org.testng.TestNG.runSuites(TestNG.java:1063)
at org.testng.TestNG.run(TestNG.java:1031)
at org.testng.remote.AbstractRemoteTestNG.run(AbstractRemoteTestNG.java:115)
at org.testng.remote.RemoteTestNG.initAndRun(RemoteTestNG.java:293)
at org.testng.remote.RemoteTestNG.main(RemoteTestNG.java:91)
]]>
    </error>
  </testcase> <!-- Setup -->
  <system-out/>
  <testcase classname="e_Commerce_testClasses.SearchTest" name="SearchAfterLogin" time="0.000">
    <skipped/>
  </testcase> <!-- SearchAfterLogin -->
  <system-out/>
  <testcase classname="e_Commerce_testClasses.SearchTest" name="NoOFResult50" time="0.000">
    <skipped/>
  </testcase> <!-- NoOFResult50 -->
  <system-out/>
  <testcase classname="e_Commerce_testClasses.SearchTest" name="SortProductsByLowPrice" time="0.000">
    <skipped/>
  </testcase> <!-- SortProductsByLowPrice -->
  <system-out/>
  <testcase classname="e_Commerce_testClasses.SearchTest" name="SortProductsByModelAtoZ" time="0.000">
    <skipped/>
  </testcase> <!-- SortProductsByModelAtoZ -->
  <system-out/>
  <testcase classname="e_Commerce_testClasses.SearchTest" name="ListViewforProducts" time="0.000">
    <skipped/>
  </testcase> <!-- ListViewforProducts -->
  <system-out/>
  <testcase classname="e_Commerce_testClasses.SearchTest" name="NoOFResult25" time="0.000">
    <skipped/>
  </testcase> <!-- NoOFResult25 -->
  <system-out/>
  <testcase classname="e_Commerce_testClasses.SearchTest" name="SearchWithExistingproductName" time="0.000">
    <skipped/>
  </testcase> <!-- SearchWithExistingproductName -->
  <system-out/>
  <testcase classname="e_Commerce_testClasses.SearchTest" name="SearchUsingSubcategory" time="0.000">
    <skipped/>
  </testcase> <!-- SearchUsingSubcategory -->
  <system-out/>
  <testcase classname="e_Commerce_testClasses.SearchTest" name="SearchusingSearchCriteriaField" time="0.000">
    <skipped/>
  </testcase> <!-- SearchusingSearchCriteriaField -->
  <system-out/>
  <testcase classname="e_Commerce_testClasses.SearchTest" name="CheckProdctAddedtoComparison" time="0.000">
    <skipped/>
  </testcase> <!-- CheckProdctAddedtoComparison -->
  <system-out/>
  <testcase classname="e_Commerce_testClasses.SearchTest" name="NoOFResult100" time="0.000">
    <skipped/>
  </testcase> <!-- NoOFResult100 -->
  <system-out/>
  <testcase classname="e_Commerce_testClasses.SearchTest" name="SortProductsByHighPrice" time="0.000">
    <skipped/>
  </testcase> <!-- SortProductsByHighPrice -->
  <system-out/>
  <testcase classname="e_Commerce_testClasses.SearchTest" name="SortProductsByHighRating" time="0.001">
    <skipped/>
  </testcase> <!-- SortProductsByHighRating -->
  <system-out/>
  <testcase classname="e_Commerce_testClasses.SearchTest" name="SortProductsByDescOrder" time="0.000">
    <skipped/>
  </testcase> <!-- SortProductsByDescOrder -->
  <system-out/>
  <testcase classname="e_Commerce_testClasses.SearchTest" name="SortProductsByModelZtoA" time="0.000">
    <skipped/>
  </testcase> <!-- SortProductsByModelZtoA -->
  <system-out/>
  <testcase classname="e_Commerce_testClasses.SearchTest" name="SearchWithNonExistingproductName" time="0.000">
    <skipped/>
  </testcase> <!-- SearchWithNonExistingproductName -->
  <system-out/>
  <testcase classname="e_Commerce_testClasses.SearchTest" name="NoOFResult75" time="0.000">
    <skipped/>
  </testcase> <!-- NoOFResult75 -->
  <system-out/>
  <testcase classname="e_Commerce_testClasses.SearchTest" name="SortProductsByAscOrder" time="0.000">
    <skipped/>
  </testcase> <!-- SortProductsByAscOrder -->
  <system-out/>
  <testcase classname="e_Commerce_testClasses.SearchTest" name="SearchMultipeProducts" time="0.000">
    <skipped/>
  </testcase> <!-- SearchMultipeProducts -->
  <system-out/>
</testsuite> <!-- e_Commerce_testClasses.SearchTest -->
